<?xml version="1.0" encoding="UTF-8"?>
<testng-results total="1" passed="1" failed="0" skipped="0">
  <reporter-output>
  </reporter-output>
  <suite started-at="2020-11-01T11:00:48Z" name="Surefire suite" finished-at="2020-11-01T11:00:48Z" duration-ms="155">
    <groups>
    </groups>
    <test started-at="2020-11-01T11:00:48Z" name="Surefire test" finished-at="2020-11-01T11:00:48Z" duration-ms="155">
      <class name="RSA.RSASelenium.AppTest">
        <test-method signature="shouldAnswerWithTrue()[pri:0, instance:shouldAnswerWithTrue(RSA.RSASelenium.AppTest)]" started-at="2020-11-01T06:00:48Z" name="shouldAnswerWithTrue" finished-at="2020-11-01T06:00:48Z" duration-ms="4" status="PASS">
          <reporter-output>
          </reporter-output>
        </test-method> <!-- shouldAnswerWithTrue -->
      </class> <!-- RSA.RSASelenium.AppTest -->
    </test> <!-- Surefire test -->
  </suite> <!-- Surefire suite -->
</testng-results>
