<?xml version="1.0" encoding="UTF-8"?>
<!-- Generated by org.testng.reporters.JUnitXMLReporter -->
<testsuite hostname="LAPTOP-076B1A2F" name="Validating the carousel on the homepage" tests="1" failures="1" timestamp="17 Oct 2020 19:21:35 GMT" time="15.021" errors="0">
  <testcase name="validateCarouselItems" time="6.633" classname="testcases.ValidateCarouselTest">
    <failure type="java.lang.AssertionError" message="expected [Practice Project] but found [PRACTICE PROJECT]">
      <![CDATA[java.lang.AssertionError: expected [Practice Project] but found [PRACTICE PROJECT]
	at testcases.ValidateCarouselTest.validateCarouselItems(ValidateCarouselTest.java:39)
	at java.util.concurrent.FutureTask.run(Unknown Source)
	at java.util.concurrent.ThreadPoolExecutor.runWorker(Unknown Source)
	at java.util.concurrent.ThreadPoolExecutor$Worker.run(Unknown Source)
	at java.lang.Thread.run(Unknown Source)
... Removed 21 stack frames]]>
    </failure>
  </testcase> <!-- validateCarouselItems -->
</testsuite> <!-- Validating the carousel on the homepage -->
