<?xml version="1.0" encoding="UTF-8"?>
<!-- Generated by org.testng.reporters.JUnitXMLReporter -->
<testsuite hostname="LAPTOP-076B1A2F" failures="1" tests="3" name="Surefire test" time="57.088" errors="0" timestamp="1 Nov 2020 11:00:47 GMT">
  <testcase classname="testcases.HomePageTest" name="HomeTest" time="27.839"/>
  <testcase classname="testcases.ValidateCarouselTest" name="validateCarouselItems" time="0.142">
    <failure type="java.lang.IndexOutOfBoundsException" message="Index 4 out of bounds for length 4">
      <![CDATA[java.lang.IndexOutOfBoundsException: Index 4 out of bounds for length 4
	at java.base/jdk.internal.util.Preconditions.outOfBounds(Preconditions.java:64)
	at java.base/jdk.internal.util.Preconditions.outOfBoundsCheckIndex(Preconditions.java:70)
	at java.base/jdk.internal.util.Preconditions.checkIndex(Preconditions.java:248)
	at java.base/java.util.Objects.checkIndex(Objects.java:372)
	at java.base/java.util.ArrayList.get(ArrayList.java:458)
	at testcases.ValidateCarouselTest.validateCarouselItems(ValidateCarouselTest.java:37)
	at org.apache.maven.surefire.testng.TestNGExecutor.run(TestNGExecutor.java:135)
	at org.apache.maven.surefire.testng.TestNGDirectoryTestSuite.executeMulti(TestNGDirectoryTestSuite.java:193)
	at org.apache.maven.surefire.testng.TestNGDirectoryTestSuite.execute(TestNGDirectoryTestSuite.java:94)
	at org.apache.maven.surefire.testng.TestNGProvider.invoke(TestNGProvider.java:146)
	at org.apache.maven.surefire.booter.ForkedBooter.invokeProviderInSameClassLoader(ForkedBooter.java:384)
	at org.apache.maven.surefire.booter.ForkedBooter.runSuitesInProcess(ForkedBooter.java:345)
	at org.apache.maven.surefire.booter.ForkedBooter.execute(ForkedBooter.java:126)
	at org.apache.maven.surefire.booter.ForkedBooter.main(ForkedBooter.java:418)
... Removed 21 stack frames]]>
    </failure>
  </testcase> <!-- validateCarouselItems -->
  <testcase classname="testcases.ValidateCourseTest" name="validateCourse" time="3.568"/>
</testsuite> <!-- Surefire test -->
