<?xml version="1.0" encoding="UTF-8"?>
<testng-results total="3" passed="2" failed="1" skipped="0">
  <reporter-output>
  </reporter-output>
  <suite started-at="2020-11-02T20:32:17Z" name="Surefire suite" finished-at="2020-11-02T20:33:13Z" duration-ms="56541">
    <groups>
    </groups>
    <test started-at="2020-11-02T20:32:17Z" name="Surefire test" finished-at="2020-11-02T20:33:13Z" duration-ms="56541">
      <class name="testcases.HomePageTest">
        <test-method is-config="true" signature="setUp()[pri:0, instance:testcases.HomePageTest@32c8e539]" started-at="2020-11-02T15:32:17Z" name="setUp" finished-at="2020-11-02T15:32:28Z" duration-ms="10929" status="PASS">
          <reporter-output>
          </reporter-output>
        </test-method> <!-- setUp -->
        <test-method is-config="true" signature="setUp()[pri:0, instance:testcases.ValidateCarouselTest@1951b871]" started-at="2020-11-02T15:32:28Z" name="setUp" finished-at="2020-11-02T15:32:32Z" duration-ms="4697" status="PASS">
          <reporter-output>
          </reporter-output>
        </test-method> <!-- setUp -->
        <test-method is-config="true" signature="setUp()[pri:0, instance:testcases.ValidateCourseTest@5c18016b]" started-at="2020-11-02T15:32:32Z" name="setUp" finished-at="2020-11-02T15:32:37Z" duration-ms="4839" status="PASS">
          <reporter-output>
          </reporter-output>
        </test-method> <!-- setUp -->
        <test-method signature="HomeTest()[pri:0, instance:testcases.HomePageTest@32c8e539]" started-at="2020-11-02T15:32:37Z" name="HomeTest" finished-at="2020-11-02T15:33:07Z" duration-ms="29451" status="PASS">
          <reporter-output>
          </reporter-output>
        </test-method> <!-- HomeTest -->
        <test-method is-config="true" signature="tearDown()[pri:0, instance:testcases.HomePageTest@32c8e539]" started-at="2020-11-02T15:33:11Z" name="tearDown" finished-at="2020-11-02T15:33:12Z" duration-ms="942" status="PASS">
          <reporter-output>
          </reporter-output>
        </test-method> <!-- tearDown -->
        <test-method is-config="true" signature="tearDown()[pri:0, instance:testcases.ValidateCarouselTest@1951b871]" started-at="2020-11-02T15:33:12Z" name="tearDown" finished-at="2020-11-02T15:33:13Z" duration-ms="690" status="PASS">
          <reporter-output>
          </reporter-output>
        </test-method> <!-- tearDown -->
        <test-method is-config="true" signature="tearDown()[pri:0, instance:testcases.ValidateCourseTest@5c18016b]" started-at="2020-11-02T15:33:13Z" name="tearDown" finished-at="2020-11-02T15:33:13Z" duration-ms="767" status="PASS">
          <reporter-output>
          </reporter-output>
        </test-method> <!-- tearDown -->
      </class> <!-- testcases.HomePageTest -->
      <class name="testcases.ValidateCarouselTest">
        <test-method signature="validateCarouselItems()[pri:0, instance:testcases.ValidateCarouselTest@1951b871]" started-at="2020-11-02T15:33:07Z" name="validateCarouselItems" finished-at="2020-11-02T15:33:07Z" duration-ms="186" status="FAIL">
          <exception class="java.lang.IndexOutOfBoundsException">
            <message>
              <![CDATA[Index 4 out of bounds for length 4]]>
            </message>
            <full-stacktrace>
              <![CDATA[java.lang.IndexOutOfBoundsException: Index 4 out of bounds for length 4
	at java.base/jdk.internal.util.Preconditions.outOfBounds(Preconditions.java:64)
	at java.base/jdk.internal.util.Preconditions.outOfBoundsCheckIndex(Preconditions.java:70)
	at java.base/jdk.internal.util.Preconditions.checkIndex(Preconditions.java:248)
	at java.base/java.util.Objects.checkIndex(Objects.java:372)
	at java.base/java.util.ArrayList.get(ArrayList.java:458)
	at testcases.ValidateCarouselTest.validateCarouselItems(ValidateCarouselTest.java:37)
	at java.base/jdk.internal.reflect.NativeMethodAccessorImpl.invoke0(Native Method)
	at java.base/jdk.internal.reflect.NativeMethodAccessorImpl.invoke(NativeMethodAccessorImpl.java:62)
	at java.base/jdk.internal.reflect.DelegatingMethodAccessorImpl.invoke(DelegatingMethodAccessorImpl.java:43)
	at java.base/java.lang.reflect.Method.invoke(Method.java:566)
	at org.testng.internal.MethodInvocationHelper.invokeMethod(MethodInvocationHelper.java:80)
	at org.testng.internal.Invoker.invokeMethod(Invoker.java:714)
	at org.testng.internal.Invoker.invokeTestMethod(Invoker.java:901)
	at org.testng.internal.Invoker.invokeTestMethods(Invoker.java:1231)
	at org.testng.internal.TestMethodWorker.invokeTestMethods(TestMethodWorker.java:127)
	at org.testng.internal.TestMethodWorker.run(TestMethodWorker.java:111)
	at org.testng.TestRunner.privateRun(TestRunner.java:767)
	at org.testng.TestRunner.run(TestRunner.java:617)
	at org.testng.SuiteRunner.runTest(SuiteRunner.java:334)
	at org.testng.SuiteRunner.runSequentially(SuiteRunner.java:329)
	at org.testng.SuiteRunner.privateRun(SuiteRunner.java:291)
	at org.testng.SuiteRunner.run(SuiteRunner.java:240)
	at org.testng.SuiteRunnerWorker.runSuite(SuiteRunnerWorker.java:52)
	at org.testng.SuiteRunnerWorker.run(SuiteRunnerWorker.java:86)
	at org.testng.TestNG.runSuitesSequentially(TestNG.java:1198)
	at org.testng.TestNG.runSuitesLocally(TestNG.java:1123)
	at org.testng.TestNG.run(TestNG.java:1031)
	at org.apache.maven.surefire.testng.TestNGExecutor.run(TestNGExecutor.java:135)
	at org.apache.maven.surefire.testng.TestNGDirectoryTestSuite.executeMulti(TestNGDirectoryTestSuite.java:193)
	at org.apache.maven.surefire.testng.TestNGDirectoryTestSuite.execute(TestNGDirectoryTestSuite.java:94)
	at org.apache.maven.surefire.testng.TestNGProvider.invoke(TestNGProvider.java:146)
	at org.apache.maven.surefire.booter.ForkedBooter.invokeProviderInSameClassLoader(ForkedBooter.java:384)
	at org.apache.maven.surefire.booter.ForkedBooter.runSuitesInProcess(ForkedBooter.java:345)
	at org.apache.maven.surefire.booter.ForkedBooter.execute(ForkedBooter.java:126)
	at org.apache.maven.surefire.booter.ForkedBooter.main(ForkedBooter.java:418)
]]>
            </full-stacktrace>
          </exception> <!-- java.lang.IndexOutOfBoundsException -->
          <reporter-output>
          </reporter-output>
        </test-method> <!-- validateCarouselItems -->
      </class> <!-- testcases.ValidateCarouselTest -->
      <class name="testcases.ValidateCourseTest">
        <test-method signature="validateCourse()[pri:0, instance:testcases.ValidateCourseTest@5c18016b]" started-at="2020-11-02T15:33:07Z" name="validateCourse" finished-at="2020-11-02T15:33:11Z" duration-ms="3982" status="PASS">
          <reporter-output>
          </reporter-output>
        </test-method> <!-- validateCourse -->
      </class> <!-- testcases.ValidateCourseTest -->
    </test> <!-- Surefire test -->
  </suite> <!-- Surefire suite -->
</testng-results>
