<?xml version="1.0" encoding="UTF-8"?>
<testsuite xmlns:xsi="http://www.w3.org/2001/XMLSchema-instance" xsi:noNamespaceSchemaLocation="https://maven.apache.org/surefire/maven-surefire-plugin/xsd/surefire-test-report.xsd" name="TestSuite" time="59.066" tests="4" errors="0" skipped="0" failures="1">
  <properties>
[...]
</properties>
  <testcase name="HomeTest" classname="testcases.HomePageTest" time="29.485"/>
  <testcase name="validateCarouselItems" classname="testcases.ValidateCarouselTest" time="0.194">
    <failure message="Index 4 out of bounds for length 4" type="java.lang.IndexOutOfBoundsException">java.lang.IndexOutOfBoundsException: Index 4 out of bounds for length 4
	at testcases.ValidateCarouselTest.validateCarouselItems(ValidateCarouselTest.java:37)
</failure>
    <system-out><![CDATA[4
]]></system-out>
  </testcase>
  <testcase name="validateCourse" classname="testcases.ValidateCourseTest" time="3.982"/>
  <testcase name="shouldAnswerWithTrue on shouldAnswerWithTrue(RSA.RSASelenium.AppTest)" classname="RSA.RSASelenium.AppTest" time="0.003"/>
</testsuite>