-------------------------------------------------------------------------------
Test set: TestSuite
-------------------------------------------------------------------------------
Tests run: 4, Failures: 1, Errors: 0, Skipped: 0, Time elapsed: 59.944 s <<< FAILURE! - in TestSuite
validateCarouselItems(testcases.ValidateCarouselTest)  Time elapsed: 0.148 s  <<< FAILURE!
java.lang.IndexOutOfBoundsException: Index 4 out of bounds for length 4
	at testcases.ValidateCarouselTest.validateCarouselItems(ValidateCarouselTest.java:37)

