<?xml version="1.0" encoding="UTF-8"?>
<testng-results skipped="3" failed="0" total="3" passed="0">
  <reporter-output>
  </reporter-output>
  <suite name="Suite" duration-ms="112" started-at="2020-11-01T10:52:44Z" finished-at="2020-11-01T10:52:44Z">
    <groups>
    </groups>
    <test name="Logging into PortalHomePage" duration-ms="112" started-at="2020-11-01T10:52:44Z" finished-at="2020-11-01T10:52:44Z">
      <class name="testcases.HomePageTest">
        <test-method status="FAIL" signature="setUp()[pri:0, instance:testcases.HomePageTest@1ab06251]" name="setUp" is-config="true" duration-ms="0" started-at="2020-11-01T05:52:44Z" finished-at="2020-11-01T05:52:44Z">
          <exception class="java.lang.NullPointerException">
            <full-stacktrace>
              <![CDATA[java.lang.NullPointerException
	at testBase.Base.initializeDriver(Base.java:51)
	at testcases.HomePageTest.setUp(HomePageTest.java:28)
	at sun.reflect.NativeMethodAccessorImpl.invoke0(Native Method)
	at sun.reflect.NativeMethodAccessorImpl.invoke(Unknown Source)
	at sun.reflect.DelegatingMethodAccessorImpl.invoke(Unknown Source)
	at java.lang.reflect.Method.invoke(Unknown Source)
	at org.testng.internal.MethodInvocationHelper.invokeMethod(MethodInvocationHelper.java:80)
	at org.testng.internal.Invoker.invokeConfigurationMethod(Invoker.java:564)
	at org.testng.internal.Invoker.invokeConfigurations(Invoker.java:213)
	at org.testng.internal.Invoker.invokeConfigurations(Invoker.java:138)
	at org.testng.TestRunner.beforeRun(TestRunner.java:641)
	at org.testng.TestRunner.run(TestRunner.java:609)
	at org.testng.SuiteRunner.runTest(SuiteRunner.java:334)
	at org.testng.SuiteRunner.access$000(SuiteRunner.java:37)
	at org.testng.SuiteRunner$SuiteWorker.run(SuiteRunner.java:368)
	at org.testng.internal.thread.ThreadUtil$2.call(ThreadUtil.java:64)
	at java.util.concurrent.FutureTask.run(Unknown Source)
	at java.util.concurrent.ThreadPoolExecutor.runWorker(Unknown Source)
	at java.util.concurrent.ThreadPoolExecutor$Worker.run(Unknown Source)
	at java.lang.Thread.run(Unknown Source)
]]>
            </full-stacktrace>
          </exception> <!-- java.lang.NullPointerException -->
          <reporter-output>
          </reporter-output>
        </test-method> <!-- setUp -->
        <test-method status="SKIP" signature="HomeTest()[pri:0, instance:testcases.HomePageTest@1ab06251]" name="HomeTest" duration-ms="70" started-at="2020-11-01T05:52:44Z" finished-at="2020-11-01T05:52:44Z">
          <reporter-output>
          </reporter-output>
        </test-method> <!-- HomeTest -->
        <test-method status="SKIP" signature="tearDown()[pri:0, instance:testcases.HomePageTest@1ab06251]" name="tearDown" is-config="true" duration-ms="0" started-at="2020-11-01T05:52:44Z" finished-at="2020-11-01T05:52:44Z">
          <reporter-output>
          </reporter-output>
        </test-method> <!-- tearDown -->
      </class> <!-- testcases.HomePageTest -->
    </test> <!-- Logging into PortalHomePage -->
    <test name="Validating the course title" duration-ms="111" started-at="2020-11-01T10:52:44Z" finished-at="2020-11-01T10:52:44Z">
      <class name="testcases.ValidateCourseTest">
        <test-method status="FAIL" signature="setUp()[pri:0, instance:testcases.ValidateCourseTest@42530531]" name="setUp" is-config="true" duration-ms="0" started-at="2020-11-01T05:52:44Z" finished-at="2020-11-01T05:52:44Z">
          <exception class="java.lang.NullPointerException">
            <full-stacktrace>
              <![CDATA[java.lang.NullPointerException
	at testBase.Base.initializeDriver(Base.java:51)
	at testcases.ValidateCourseTest.setUp(ValidateCourseTest.java:28)
	at sun.reflect.NativeMethodAccessorImpl.invoke0(Native Method)
	at sun.reflect.NativeMethodAccessorImpl.invoke(Unknown Source)
	at sun.reflect.DelegatingMethodAccessorImpl.invoke(Unknown Source)
	at java.lang.reflect.Method.invoke(Unknown Source)
	at org.testng.internal.MethodInvocationHelper.invokeMethod(MethodInvocationHelper.java:80)
	at org.testng.internal.Invoker.invokeConfigurationMethod(Invoker.java:564)
	at org.testng.internal.Invoker.invokeConfigurations(Invoker.java:213)
	at org.testng.internal.Invoker.invokeConfigurations(Invoker.java:138)
	at org.testng.TestRunner.beforeRun(TestRunner.java:641)
	at org.testng.TestRunner.run(TestRunner.java:609)
	at org.testng.SuiteRunner.runTest(SuiteRunner.java:334)
	at org.testng.SuiteRunner.access$000(SuiteRunner.java:37)
	at org.testng.SuiteRunner$SuiteWorker.run(SuiteRunner.java:368)
	at org.testng.internal.thread.ThreadUtil$2.call(ThreadUtil.java:64)
	at java.util.concurrent.FutureTask.run(Unknown Source)
	at java.util.concurrent.ThreadPoolExecutor.runWorker(Unknown Source)
	at java.util.concurrent.ThreadPoolExecutor$Worker.run(Unknown Source)
	at java.lang.Thread.run(Unknown Source)
]]>
            </full-stacktrace>
          </exception> <!-- java.lang.NullPointerException -->
          <reporter-output>
          </reporter-output>
        </test-method> <!-- setUp -->
        <test-method status="SKIP" signature="validateCourse()[pri:0, instance:testcases.ValidateCourseTest@42530531]" name="validateCourse" duration-ms="70" started-at="2020-11-01T05:52:44Z" finished-at="2020-11-01T05:52:44Z">
          <reporter-output>
          </reporter-output>
        </test-method> <!-- validateCourse -->
        <test-method status="SKIP" signature="tearDown()[pri:0, instance:testcases.ValidateCourseTest@42530531]" name="tearDown" is-config="true" duration-ms="0" started-at="2020-11-01T05:52:44Z" finished-at="2020-11-01T05:52:44Z">
          <reporter-output>
          </reporter-output>
        </test-method> <!-- tearDown -->
      </class> <!-- testcases.ValidateCourseTest -->
    </test> <!-- Validating the course title -->
    <test name="Validating the carousel on the homepage" duration-ms="111" started-at="2020-11-01T10:52:44Z" finished-at="2020-11-01T10:52:44Z">
      <class name="testcases.ValidateCarouselTest">
        <test-method status="FAIL" signature="setUp()[pri:0, instance:testcases.ValidateCarouselTest@5ddcc487]" name="setUp" is-config="true" duration-ms="0" started-at="2020-11-01T05:52:44Z" finished-at="2020-11-01T05:52:44Z">
          <exception class="java.lang.NullPointerException">
            <full-stacktrace>
              <![CDATA[java.lang.NullPointerException
	at testBase.Base.initializeDriver(Base.java:51)
	at testcases.ValidateCarouselTest.setUp(ValidateCarouselTest.java:23)
	at sun.reflect.NativeMethodAccessorImpl.invoke0(Native Method)
	at sun.reflect.NativeMethodAccessorImpl.invoke(Unknown Source)
	at sun.reflect.DelegatingMethodAccessorImpl.invoke(Unknown Source)
	at java.lang.reflect.Method.invoke(Unknown Source)
	at org.testng.internal.MethodInvocationHelper.invokeMethod(MethodInvocationHelper.java:80)
	at org.testng.internal.Invoker.invokeConfigurationMethod(Invoker.java:564)
	at org.testng.internal.Invoker.invokeConfigurations(Invoker.java:213)
	at org.testng.internal.Invoker.invokeConfigurations(Invoker.java:138)
	at org.testng.TestRunner.beforeRun(TestRunner.java:641)
	at org.testng.TestRunner.run(TestRunner.java:609)
	at org.testng.SuiteRunner.runTest(SuiteRunner.java:334)
	at org.testng.SuiteRunner.access$000(SuiteRunner.java:37)
	at org.testng.SuiteRunner$SuiteWorker.run(SuiteRunner.java:368)
	at org.testng.internal.thread.ThreadUtil$2.call(ThreadUtil.java:64)
	at java.util.concurrent.FutureTask.run(Unknown Source)
	at java.util.concurrent.ThreadPoolExecutor.runWorker(Unknown Source)
	at java.util.concurrent.ThreadPoolExecutor$Worker.run(Unknown Source)
	at java.lang.Thread.run(Unknown Source)
]]>
            </full-stacktrace>
          </exception> <!-- java.lang.NullPointerException -->
          <reporter-output>
          </reporter-output>
        </test-method> <!-- setUp -->
        <test-method status="SKIP" signature="validateCarouselItems()[pri:0, instance:testcases.ValidateCarouselTest@5ddcc487]" name="validateCarouselItems" duration-ms="71" started-at="2020-11-01T05:52:44Z" finished-at="2020-11-01T05:52:44Z">
          <reporter-output>
          </reporter-output>
        </test-method> <!-- validateCarouselItems -->
        <test-method status="SKIP" signature="tearDown()[pri:0, instance:testcases.ValidateCarouselTest@5ddcc487]" name="tearDown" is-config="true" duration-ms="0" started-at="2020-11-01T05:52:44Z" finished-at="2020-11-01T05:52:44Z">
          <reporter-output>
          </reporter-output>
        </test-method> <!-- tearDown -->
      </class> <!-- testcases.ValidateCarouselTest -->
    </test> <!-- Validating the carousel on the homepage -->
  </suite> <!-- Suite -->
</testng-results>
